#
# A fatal error has been detected by the Java Runtime Environment:
#
#  EXCEPTION_ACCESS_VIOLATION (0xc0000005) at pc=0x000002729b683e51, pid=16232, tid=7468
#
# JRE version: OpenJDK Runtime Environment (11.0.13) (build 11.0.13+0-b1751.21-8125866)
# Java VM: OpenJDK 64-Bit Server VM (11.0.13+0-b1751.21-8125866, mixed mode, tiered, compressed oops, g1 gc, windows-amd64)
# Problematic frame:
# v  ~RuntimeStub::load_mirror_patching Runtime1 stub
#
# No core dump will be written. Minidumps are not enabled by default on client versions of Windows
#
# If you would like to submit a bug report, please visit:
#   https://bugreport.java.com/bugreport/crash.jsp
#

---------------  S U M M A R Y ------------

Command Line: --add-opens=java.base/java.util=ALL-UNNAMED --add-opens=java.base/java.lang=ALL-UNNAMED --add-opens=java.base/java.lang.invoke=ALL-UNNAMED --add-opens=java.base/java.util=ALL-UNNAMED --add-opens=java.prefs/java.util.prefs=ALL-UNNAMED --add-opens=java.prefs/java.util.prefs=ALL-UNNAMED --add-opens=java.base/java.nio.charset=ALL-UNNAMED --add-opens=java.base/java.net=ALL-UNNAMED --add-opens=java.base/java.util.concurrent.atomic=ALL-UNNAMED -Xmx2048m -Dfile.encoding=UTF-8 -Duser.country=VE -Duser.language=es -Duser.variant org.gradle.launcher.daemon.bootstrap.GradleDaemon 7.4

Host: Intel(R) Core(TM) i7-3770 CPU @ 3.40GHz, 8 cores, 7G,  Windows 10 , 64 bit Build 19041 (10.0.19041.3636)
Time: Thu May 30 22:35:44 2024 Hora estándar de Venezuela elapsed time: 9.710942 seconds (0d 0h 0m 9s)

---------------  T H R E A D  ---------------

Current thread (0x00000272b42a0800):  JavaThread "Daemon worker" [_thread_in_Java, id=7468, stack(0x000000ca18200000,0x000000ca18300000)]

Stack: [0x000000ca18200000,0x000000ca18300000],  sp=0x000000ca182f8b80,  free space=994k
Native frames: (J=compiled Java code, j=interpreted, Vv=VM code, C=native code)
C  0x000002729b683e51


siginfo: EXCEPTION_ACCESS_VIOLATION (0xc0000005), writing address 0x0000000000000024


Register to memory mapping:

RIP=0x000002729b683e51 is at code_begin+81 in 
[CodeBlob (0x000002729b683d90)]
Framesize: 148
Runtime Stub (0x000002729b683d90): load_mirror_patching Runtime1 stub
RAX=0x0000000000000001 is an unknown value
RBX=0x0000000000000150 is an unknown value
RCX=0x00000272b5610290 is pointing into metadata
RDX=0x00000000875a5330 is an oop: [Ljava.nio.file.LinkOption; 
{0x00000000875a5330} - klass: 'java/nio/file/LinkOption'[]
 - length: 1
RSP=0x000000ca182f8b80 is pointing into the stack for thread: 0x00000272b42a0800
RBP=0x000000ca182f8c00 is pointing into the stack for thread: 0x00000272b42a0800
RSI=0x0 is NULL
RDI=0x00000000875a5360 is an oop: java.nio.file.LinkOption 
{0x00000000875a5360} - klass: 'java/nio/file/LinkOption'
R8 =0x0000000000000001 is an unknown value
R9 =0x00000272b428bc60 points into unknown readable memory: 0x000000f000000003 | 03 00 00 00 f0 00 00 00
R10=0x00007fff8c675d10 jvm.dll
R11=0x000002729bdb2580 is at entry_point+0 in (nmethod*)0x000002729bdb2390
R12=0x0 is NULL
R13=0x000000ca182f8c68 is pointing into the stack for thread: 0x00000272b42a0800
R14=0x000000ca182f8cf0 is pointing into the stack for thread: 0x00000272b42a0800
R15=0x00000272b42a0800 is a thread


Registers:
RAX=0x0000000000000001, RBX=0x0000000000000150, RCX=0x00000272b5610290, RDX=0x00000000875a5330
RSP=0x000000ca182f8b80, RBP=0x000000ca182f8c00, RSI=0x0000000000000000, RDI=0x00000000875a5360
R8 =0x0000000000000001, R9 =0x00000272b428bc60, R10=0x00007fff8c675d10, R11=0x000002729bdb2580
R12=0x0000000000000000, R13=0x000000ca182f8c68, R14=0x000000ca182f8cf0, R15=0x00000272b42a0800
RIP=0x000002729b683e51, EFLAGS=0x0000000000010202

Top of Stack: (sp=0x000000ca182f8b80)
0x000000ca182f8b80:   000002729b598e10 0000000000000000
0x000000ca182f8b90:   000000ca182f8c68 0000000000000000
0x000000ca182f8ba0:   000002729bdb2580 00007fff8c675d10
0x000000ca182f8bb0:   00000272b428bc60 0000000000000001
0x000000ca182f8bc0:   00000000875a5360 0000000000000000
0x000000ca182f8bd0:   000000ca182f8c00 000000ca182f8c00
0x000000ca182f8be0:   0000000000000150 00000000875a5330
0x000000ca182f8bf0:   00000272b5610290 0000000000000001
0x000000ca182f8c00:   000000ca182f8cb8 000002729bdb28c5
0x000000ca182f8c10:   00000272b2396fa8 0000000000000000
0x000000ca182f8c20:   000000ca182f8d40 000000ca182f8cd8
0x000000ca182f8c30:   00000272b42a0800 00007fff8bdb0fb9
0x000000ca182f8c40:   00000272b2396f77 0000000000000000
0x000000ca182f8c50:   000000ca182f8cb8 000002729b599c90
0x000000ca182f8c60:   000002729b599c90 00000000875a5330
0x000000ca182f8c70:   000000ca182f8c70 00000272b2376c03 

Instructions: (pc=0x000002729b683e51)
0x000002729b683d51:   00 00 00 c9 c3 c9 c3 00 00 00 00 00 00 00 00 00
0x000002729b683d61:   00 00 00 00 00 00 00 00 00 00 00 00 00 00 00 00
0x000002729b683d71:   00 00 00 00 00 00 00 00 00 00 00 00 00 00 00 09
0x000002729b683d81:   00 00 00 00 00 00 00 01 00 00 00 00 00 00 00 38
0x000002729b683d91:   fb 45 8c ff 7f 00 00 00 00 00 00 48 04 00 00 68
0x000002729b683da1:   00 00 00 ff ff ff ff 48 04 00 00 94 00 00 00 00
0x000002729b683db1:   3e 68 9b 72 02 00 00 d8 41 68 9b 72 02 00 00 00
0x000002729b683dc1:   3e 68 9b 72 02 00 00 d8 41 68 9b 72 02 00 00 f8
0x000002729b683dd1:   3d 68 9b 72 02 00 00 00 3e 68 9b 72 02 00 00 c0
0x000002729b683de1:   c4 f3 b1 72 02 00 00 00 00 00 00 00 00 00 00 88
0x000002729b683df1:   25 45 8c ff 7f 00 00 e4 60 54 60 fa 64 d6 64 55
0x000002729b683e01:   48 8b ec 48 89 64 24 d8 48 81 ec 80 00 00 00 48
0x000002729b683e11:   89 44 24 78 48 89 4c 24 70 48 89 54 24 68 48 89
0x000002729b683e21:   5c 24 60 48 89 6c 24 50 48 89 74 24 48 48 89 7c
0x000002729b683e31:   24 40 4c 89 44 24 38 4c 89 4c 24 30 4c 89 54 24
0x000002729b683e41:   28 4c 89 5c 24 20 4c 89 64 24 18 4c 89 6c 24 10
0x000002729b683e51:   4c 89 76 24 08 4c 89 3c 24 48 81 ec 10 04 00 00
0x000002729b683e61:   c5 fb 11 44 24 28 c5 fb 11 4c 24 30 c5 fb 11 54
0x000002729b683e71:   24 38 c5 fb 11 5c 24 40 c5 fb 11 64 24 48 c5 fb
0x000002729b683e81:   11 6c 24 50 c5 fb 11 74 24 58 c5 fb 11 7c 24 60
0x000002729b683e91:   c5 7b 11 44 24 68 c5 7b 11 4c 24 70 c5 7b 11 54
0x000002729b683ea1:   24 78 c5 7b 11 9c 24 80 00 00 00 c5 7b 11 a4 24
0x000002729b683eb1:   88 00 00 00 c5 7b 11 ac 24 90 00 00 00 c5 7b 11
0x000002729b683ec1:   b4 24 98 00 00 00 c5 7b 11 bc 24 a0 00 00 00 49
0x000002729b683ed1:   8b cf c5 f8 77 49 89 af 38 03 00 00 49 89 a7 28
0x000002729b683ee1:   03 00 00 49 ba b0 f2 da 8b ff 7f 00 00 41 ff d2
0x000002729b683ef1:   49 ba 00 00 00 00 00 00 00 00 4d 89 97 28 03 00
0x000002729b683f01:   00 49 ba 00 00 00 00 00 00 00 00 4d 89 97 38 03
0x000002729b683f11:   00 00 49 ba 00 00 00 00 00 00 00 00 4d 89 97 30
0x000002729b683f21:   03 00 00 c5 f8 77 49 81 7f 08 00 00 00 00 0f 84
0x000002729b683f31:   02 01 00 00 48 85 c0 0f 84 e2 d3 f6 ff 49 8b 47
0x000002729b683f41:   08 49 ba 00 00 00 00 00 00 00 00 4d 89 57 08 48 


Stack slot to memory mapping:
stack at sp + 0 slots: 0x000002729b598e10 is at code_begin+-112 in 
[CodeBlob (0x000002729b598e10)]
Framesize: 0
BufferBlob (0x000002729b598e10) used for Interpreter
stack at sp + 1 slots: 0x0 is NULL
stack at sp + 2 slots: 0x000000ca182f8c68 is pointing into the stack for thread: 0x00000272b42a0800
stack at sp + 3 slots: 0x0 is NULL
stack at sp + 4 slots: 0x000002729bdb2580 is at entry_point+0 in (nmethod*)0x000002729bdb2390
stack at sp + 5 slots: 0x00007fff8c675d10 jvm.dll
stack at sp + 6 slots: 0x00000272b428bc60 points into unknown readable memory: 0x000000f000000003 | 03 00 00 00 f0 00 00 00
stack at sp + 7 slots: 0x0000000000000001 is an unknown value



---------------  P R O C E S S  ---------------

Threads class SMR info:
_java_thread_list=0x00000272b3ede830, length=38, elements={
0x0000027297a92800, 0x00000272b1f33000, 0x00000272b1f29800, 0x00000272b2792800,
0x00000272b2793800, 0x00000272b2795000, 0x00000272b279e000, 0x00000272b27a3000,
0x00000272b27a6800, 0x00000272b2901800, 0x00000272b49ca800, 0x00000272b42a9000,
0x00000272b4247000, 0x00000272b470a800, 0x00000272b3e2a000, 0x00000272b4998800,
0x00000272b42a0800, 0x00000272b50a9000, 0x00000272b41cf800, 0x00000272b4832000,
0x00000272b2ec6000, 0x00000272b2ec7000, 0x00000272b2ec8000, 0x00000272b2ec2000,
0x00000272b2ec8800, 0x00000272b2ec4800, 0x00000272b2ec3000, 0x00000272b2ec3800,
0x00000272b2ec5800, 0x00000272b3a3e000, 0x00000272b3a40800, 0x00000272b3a41000,
0x00000272b3a3c000, 0x00000272b3a3f800, 0x00000272b3a3e800, 0x00000272b3a42000,
0x00000272b3a43000, 0x00000272b3a3d000
}

Java Threads: ( => current thread )
  0x0000027297a92800 JavaThread "main" [_thread_blocked, id=7428, stack(0x000000ca16900000,0x000000ca16a00000)]
  0x00000272b1f33000 JavaThread "Reference Handler" daemon [_thread_blocked, id=15124, stack(0x000000ca17000000,0x000000ca17100000)]
  0x00000272b1f29800 JavaThread "Finalizer" daemon [_thread_blocked, id=11224, stack(0x000000ca17100000,0x000000ca17200000)]
  0x00000272b2792800 JavaThread "Signal Dispatcher" daemon [_thread_blocked, id=13696, stack(0x000000ca17200000,0x000000ca17300000)]
  0x00000272b2793800 JavaThread "Attach Listener" daemon [_thread_blocked, id=6676, stack(0x000000ca17300000,0x000000ca17400000)]
  0x00000272b2795000 JavaThread "Service Thread" daemon [_thread_blocked, id=2544, stack(0x000000ca17400000,0x000000ca17500000)]
  0x00000272b279e000 JavaThread "C2 CompilerThread0" daemon [_thread_blocked, id=6276, stack(0x000000ca17500000,0x000000ca17600000)]
  0x00000272b27a3000 JavaThread "C1 CompilerThread0" daemon [_thread_blocked, id=1896, stack(0x000000ca17600000,0x000000ca17700000)]
  0x00000272b27a6800 JavaThread "Sweeper thread" daemon [_thread_blocked, id=15404, stack(0x000000ca17700000,0x000000ca17800000)]
  0x00000272b2901800 JavaThread "Common-Cleaner" daemon [_thread_blocked, id=15132, stack(0x000000ca17800000,0x000000ca17900000)]
  0x00000272b49ca800 JavaThread "Daemon health stats" [_thread_blocked, id=18800, stack(0x000000ca17e00000,0x000000ca17f00000)]
  0x00000272b42a9000 JavaThread "Incoming local TCP Connector on port 62283" [_thread_in_native, id=10476, stack(0x000000ca17a00000,0x000000ca17b00000)]
  0x00000272b4247000 JavaThread "Daemon periodic checks" [_thread_blocked, id=15260, stack(0x000000ca17d00000,0x000000ca17e00000)]
  0x00000272b470a800 JavaThread "Daemon" [_thread_blocked, id=15828, stack(0x000000ca17f00000,0x000000ca18000000)]
  0x00000272b3e2a000 JavaThread "Handler for socket connection from /127.0.0.1:62283 to /127.0.0.1:62284" [_thread_in_native, id=7524, stack(0x000000ca18000000,0x000000ca18100000)]
  0x00000272b4998800 JavaThread "Cancel handler" [_thread_blocked, id=17664, stack(0x000000ca18100000,0x000000ca18200000)]
=>0x00000272b42a0800 JavaThread "Daemon worker" [_thread_in_Java, id=7468, stack(0x000000ca18200000,0x000000ca18300000)]
  0x00000272b50a9000 JavaThread "Asynchronous log dispatcher for DefaultDaemonConnection: socket connection from /127.0.0.1:62283 to /127.0.0.1:62284" [_thread_blocked, id=17744, stack(0x000000ca18300000,0x000000ca18400000)]
  0x00000272b41cf800 JavaThread "Stdin handler" [_thread_blocked, id=7388, stack(0x000000ca18400000,0x000000ca18500000)]
  0x00000272b4832000 JavaThread "Daemon client event forwarder" [_thread_blocked, id=16648, stack(0x000000ca18500000,0x000000ca18600000)]
  0x00000272b2ec6000 JavaThread "Cache worker for journal cache (C:\Users\Oscar\.gradle\caches\journal-1)" [_thread_blocked, id=8524, stack(0x000000ca18b00000,0x000000ca18c00000)]
  0x00000272b2ec7000 JavaThread "File lock request listener" [_thread_in_native, id=2088, stack(0x000000ca18c00000,0x000000ca18d00000)]
  0x00000272b2ec8000 JavaThread "Cache worker for file hash cache (C:\Users\Oscar\.gradle\caches\7.4\fileHashes)" [_thread_blocked, id=4772, stack(0x000000ca18e00000,0x000000ca18f00000)]
  0x00000272b2ec2000 JavaThread "File watcher server" daemon [_thread_in_native, id=11148, stack(0x000000ca19100000,0x000000ca19200000)]
  0x00000272b2ec8800 JavaThread "File watcher consumer" daemon [_thread_blocked, id=17416, stack(0x000000ca19200000,0x000000ca19300000)]
  0x00000272b2ec4800 JavaThread "jar transforms" [_thread_blocked, id=7924, stack(0x000000ca19000000,0x000000ca19100000)]
  0x00000272b2ec3000 JavaThread "jar transforms Thread 2" [_thread_blocked, id=11828, stack(0x000000ca19300000,0x000000ca19400000)]
  0x00000272b2ec3800 JavaThread "jar transforms Thread 3" [_thread_blocked, id=15240, stack(0x000000ca19400000,0x000000ca19500000)]
  0x00000272b2ec5800 JavaThread "jar transforms Thread 4" [_thread_blocked, id=6824, stack(0x000000ca19500000,0x000000ca19600000)]
  0x00000272b3a3e000 JavaThread "jar transforms Thread 5" [_thread_blocked, id=13560, stack(0x000000ca19600000,0x000000ca19700000)]
  0x00000272b3a40800 JavaThread "jar transforms Thread 6" [_thread_blocked, id=14920, stack(0x000000ca19700000,0x000000ca19800000)]
  0x00000272b3a41000 JavaThread "jar transforms Thread 7" [_thread_blocked, id=19308, stack(0x000000ca19800000,0x000000ca19900000)]
  0x00000272b3a3c000 JavaThread "jar transforms Thread 8" [_thread_blocked, id=6520, stack(0x000000ca19900000,0x000000ca19a00000)]
  0x00000272b3a3f800 JavaThread "Cache worker for checksums cache (C:\Users\Oscar\AndroidStudioProjects\RecyViewAndroidSoluction\.gradle\7.4\checksums)" [_thread_blocked, id=13308, stack(0x000000ca19a00000,0x000000ca19b00000)]
  0x00000272b3a3e800 JavaThread "Cache worker for cache directory md-rule (C:\Users\Oscar\.gradle\caches\7.4\md-rule)" [_thread_blocked, id=1460, stack(0x000000ca19b00000,0x000000ca19c00000)]
  0x00000272b3a42000 JavaThread "Cache worker for file hash cache (C:\Users\Oscar\AndroidStudioProjects\RecyViewAndroidSoluction\.gradle\7.4\fileHashes)" [_thread_blocked, id=17484, stack(0x000000ca18f00000,0x000000ca19000000)]
  0x00000272b3a43000 JavaThread "Cache worker for cache directory md-supplier (C:\Users\Oscar\.gradle\caches\7.4\md-supplier)" [_thread_blocked, id=11448, stack(0x000000ca19c00000,0x000000ca19d00000)]
  0x00000272b3a3d000 JavaThread "Cache worker for execution history cache (C:\Users\Oscar\.gradle\caches\7.4\executionHistory)" [_thread_blocked, id=4276, stack(0x000000ca19d00000,0x000000ca19e00000)]

Other Threads:
  0x00000272b2745800 VMThread "VM Thread" [stack: 0x000000ca16f00000,0x000000ca17000000] [id=10128]
  0x00000272b291c000 WatcherThread [stack: 0x000000ca17900000,0x000000ca17a00000] [id=16608]
  0x0000027297aac000 GCTaskThread "GC Thread#0" [stack: 0x000000ca16a00000,0x000000ca16b00000] [id=7784]
  0x00000272b3550800 GCTaskThread "GC Thread#1" [stack: 0x000000ca17b00000,0x000000ca17c00000] [id=2188]
  0x00000272b34b5000 GCTaskThread "GC Thread#2" [stack: 0x000000ca17c00000,0x000000ca17d00000] [id=3108]
  0x00000272b4c90800 GCTaskThread "GC Thread#3" [stack: 0x000000ca18600000,0x000000ca18700000] [id=11396]
  0x00000272b4647000 GCTaskThread "GC Thread#4" [stack: 0x000000ca18700000,0x000000ca18800000] [id=15696]
  0x00000272b46e2800 GCTaskThread "GC Thread#5" [stack: 0x000000ca18800000,0x000000ca18900000] [id=18556]
  0x00000272b46e3800 GCTaskThread "GC Thread#6" [stack: 0x000000ca18900000,0x000000ca18a00000] [id=9760]
  0x00000272b41e6800 GCTaskThread "GC Thread#7" [stack: 0x000000ca18a00000,0x000000ca18b00000] [id=2840]
  0x0000027297ae1000 ConcurrentGCThread "G1 Main Marker" [stack: 0x000000ca16b00000,0x000000ca16c00000] [id=11508]
  0x0000027297ae2000 ConcurrentGCThread "G1 Conc#0" [stack: 0x000000ca16c00000,0x000000ca16d00000] [id=12708]
  0x00000272b4140000 ConcurrentGCThread "G1 Conc#1" [stack: 0x000000ca18d00000,0x000000ca18e00000] [id=8800]
  0x0000027297b4d800 ConcurrentGCThread "G1 Refine#0" [stack: 0x000000ca16d00000,0x000000ca16e00000] [id=2300]
  0x00000272b1d76800 ConcurrentGCThread "G1 Young RemSet Sampling" [stack: 0x000000ca16e00000,0x000000ca16f00000] [id=14424]

Threads with active compile tasks:

VM state:not at safepoint (normal execution)

VM Mutex/Monitor currently owned by a thread: None

Heap address: 0x0000000080000000, size: 2048 MB, Compressed Oops mode: 32-bit
Narrow klass base: 0x0000000000000000, Narrow klass shift: 3
Compressed class space size: 1073741824 Address: 0x0000000100000000

Heap:
 garbage-first heap   total 131072K, used 54042K [0x0000000080000000, 0x0000000100000000)
  region size 1024K, 20 young (20480K), 9 survivors (9216K)
 Metaspace       used 32711K, capacity 33623K, committed 33840K, reserved 1079296K
  class space    used 4377K, capacity 4719K, committed 4736K, reserved 1048576K
Heap Regions: E=young(eden), S=young(survivor), O=old, HS=humongous(starts), HC=humongous(continues), CS=collection set, F=free, A=archive, TAMS=top-at-mark-start (previous, next)
|   0|0x0000000080000000, 0x0000000080100000, 0x0000000080100000|100%| O|  |TAMS 0x0000000080100000, 0x0000000080000000| Untracked 
|   1|0x0000000080100000, 0x0000000080200000, 0x0000000080200000|100%| O|  |TAMS 0x0000000080200000, 0x0000000080100000| Untracked 
|   2|0x0000000080200000, 0x0000000080300000, 0x0000000080300000|100%| O|  |TAMS 0x0000000080300000, 0x0000000080200000| Untracked 
|   3|0x0000000080300000, 0x0000000080400000, 0x0000000080400000|100%|HS|  |TAMS 0x0000000080400000, 0x0000000080300000| Complete 
|   4|0x0000000080400000, 0x0000000080500000, 0x0000000080500000|100%|HC|  |TAMS 0x0000000080500000, 0x0000000080400000| Complete 
|   5|0x0000000080500000, 0x0000000080600000, 0x0000000080600000|100%|HC|  |TAMS 0x0000000080600000, 0x0000000080500000| Complete 
|   6|0x0000000080600000, 0x0000000080700000, 0x0000000080700000|100%| O|  |TAMS 0x0000000080700000, 0x0000000080600000| Untracked 
|   7|0x0000000080700000, 0x0000000080800000, 0x0000000080800000|100%| O|  |TAMS 0x0000000080800000, 0x0000000080700000| Untracked 
|   8|0x0000000080800000, 0x0000000080900000, 0x0000000080900000|100%| O|  |TAMS 0x0000000080900000, 0x0000000080800000| Untracked 
|   9|0x0000000080900000, 0x0000000080a00000, 0x0000000080a00000|100%| O|  |TAMS 0x0000000080a00000, 0x0000000080900000| Untracked 
|  10|0x0000000080a00000, 0x0000000080b00000, 0x0000000080b00000|100%| O|  |TAMS 0x0000000080b00000, 0x0000000080a00000| Untracked 
|  11|0x0000000080b00000, 0x0000000080c00000, 0x0000000080c00000|100%| O|  |TAMS 0x0000000080c00000, 0x0000000080b00000| Untracked 
|  12|0x0000000080c00000, 0x0000000080d00000, 0x0000000080d00000|100%| O|  |TAMS 0x0000000080d00000, 0x0000000080c00000| Untracked 
|  13|0x0000000080d00000, 0x0000000080e00000, 0x0000000080e00000|100%| O|  |TAMS 0x0000000080e00000, 0x0000000080d00000| Untracked 
|  14|0x0000000080e00000, 0x0000000080f00000, 0x0000000080f00000|100%| O|  |TAMS 0x0000000080f00000, 0x0000000080e00000| Untracked 
|  15|0x0000000080f00000, 0x0000000080fc6800, 0x0000000081000000| 77%| O|  |TAMS 0x0000000080f89a00, 0x0000000080f00000| Untracked 
|  16|0x0000000081000000, 0x0000000081100000, 0x0000000081100000|100%|HS|  |TAMS 0x0000000081000000, 0x0000000081000000| Complete 
|  17|0x0000000081100000, 0x0000000081200000, 0x0000000081200000|100%|HC|  |TAMS 0x0000000081100000, 0x0000000081100000| Complete 
|  18|0x0000000081200000, 0x0000000081300000, 0x0000000081300000|100%|HS|  |TAMS 0x0000000081200000, 0x0000000081200000| Complete 
|  19|0x0000000081300000, 0x0000000081400000, 0x0000000081400000|100%|HC|  |TAMS 0x0000000081300000, 0x0000000081300000| Complete 
|  20|0x0000000081400000, 0x0000000081500000, 0x0000000081500000|100%|HC|  |TAMS 0x0000000081400000, 0x0000000081400000| Complete 
|  21|0x0000000081500000, 0x0000000081600000, 0x0000000081600000|100%|HS|  |TAMS 0x0000000081500000, 0x0000000081500000| Complete 
|  22|0x0000000081600000, 0x0000000081700000, 0x0000000081700000|100%|HC|  |TAMS 0x0000000081600000, 0x0000000081600000| Complete 
|  23|0x0000000081700000, 0x0000000081800000, 0x0000000081800000|100%|HC|  |TAMS 0x0000000081700000, 0x0000000081700000| Complete 
|  24|0x0000000081800000, 0x0000000081900000, 0x0000000081900000|100%|HS|  |TAMS 0x0000000081800000, 0x0000000081800000| Complete 
|  25|0x0000000081900000, 0x0000000081a00000, 0x0000000081a00000|100%|HC|  |TAMS 0x0000000081900000, 0x0000000081900000| Complete 
|  26|0x0000000081a00000, 0x0000000081b00000, 0x0000000081b00000|100%|HC|  |TAMS 0x0000000081a00000, 0x0000000081a00000| Complete 
|  27|0x0000000081b00000, 0x0000000081c00000, 0x0000000081c00000|100%|HC|  |TAMS 0x0000000081b00000, 0x0000000081b00000| Complete 
|  28|0x0000000081c00000, 0x0000000081d00000, 0x0000000081d00000|100%|HS|  |TAMS 0x0000000081c00000, 0x0000000081c00000| Complete 
|  29|0x0000000081d00000, 0x0000000081e00000, 0x0000000081e00000|100%|HC|  |TAMS 0x0000000081d00000, 0x0000000081d00000| Complete 
|  30|0x0000000081e00000, 0x0000000081f00000, 0x0000000081f00000|100%|HC|  |TAMS 0x0000000081e00000, 0x0000000081e00000| Complete 
|  31|0x0000000081f00000, 0x0000000082000000, 0x0000000082000000|100%|HC|  |TAMS 0x0000000081f00000, 0x0000000081f00000| Complete 
|  32|0x0000000082000000, 0x0000000082100000, 0x0000000082100000|100%|HC|  |TAMS 0x0000000082000000, 0x0000000082000000| Complete 
|  33|0x0000000082100000, 0x0000000082200000, 0x0000000082200000|100%|HS|  |TAMS 0x0000000082100000, 0x0000000082100000| Complete 
|  34|0x0000000082200000, 0x0000000082200000, 0x0000000082300000|  0%| F|  |TAMS 0x0000000082200000, 0x0000000082200000| Untracked 
|  35|0x0000000082300000, 0x0000000082300000, 0x0000000082400000|  0%| F|  |TAMS 0x0000000082300000, 0x0000000082300000| Untracked 
|  36|0x0000000082400000, 0x0000000082400000, 0x0000000082500000|  0%| F|  |TAMS 0x0000000082400000, 0x0000000082400000| Untracked 
|  37|0x0000000082500000, 0x0000000082500000, 0x0000000082600000|  0%| F|  |TAMS 0x0000000082500000, 0x0000000082500000| Untracked 
|  38|0x0000000082600000, 0x0000000082600000, 0x0000000082700000|  0%| F|  |TAMS 0x0000000082600000, 0x0000000082600000| Untracked 
|  39|0x0000000082700000, 0x0000000082700000, 0x0000000082800000|  0%| F|  |TAMS 0x0000000082700000, 0x0000000082700000| Untracked 
|  40|0x0000000082800000, 0x0000000082800000, 0x0000000082900000|  0%| F|  |TAMS 0x0000000082800000, 0x0000000082800000| Untracked 
|  41|0x0000000082900000, 0x0000000082900000, 0x0000000082a00000|  0%| F|  |TAMS 0x0000000082900000, 0x0000000082900000| Untracked 
|  42|0x0000000082a00000, 0x0000000082a00000, 0x0000000082b00000|  0%| F|  |TAMS 0x0000000082a00000, 0x0000000082a00000| Untracked 
|  43|0x0000000082b00000, 0x0000000082b00000, 0x0000000082c00000|  0%| F|  |TAMS 0x0000000082b00000, 0x0000000082b00000| Untracked 
|  44|0x0000000082c00000, 0x0000000082c00000, 0x0000000082d00000|  0%| F|  |TAMS 0x0000000082c00000, 0x0000000082c00000| Untracked 
|  45|0x0000000082d00000, 0x0000000082d00000, 0x0000000082e00000|  0%| F|  |TAMS 0x0000000082d00000, 0x0000000082d00000| Untracked 
|  46|0x0000000082e00000, 0x0000000082e00000, 0x0000000082f00000|  0%| F|  |TAMS 0x0000000082e00000, 0x0000000082e00000| Untracked 
|  47|0x0000000082f00000, 0x0000000082f00000, 0x0000000083000000|  0%| F|  |TAMS 0x0000000082f00000, 0x0000000082f00000| Untracked 
|  48|0x0000000083000000, 0x0000000083000000, 0x0000000083100000|  0%| F|  |TAMS 0x0000000083000000, 0x0000000083000000| Untracked 
|  49|0x0000000083100000, 0x0000000083100000, 0x0000000083200000|  0%| F|  |TAMS 0x0000000083100000, 0x0000000083100000| Untracked 
|  50|0x0000000083200000, 0x0000000083200000, 0x0000000083300000|  0%| F|  |TAMS 0x0000000083200000, 0x0000000083200000| Untracked 
|  51|0x0000000083300000, 0x0000000083300000, 0x0000000083400000|  0%| F|  |TAMS 0x0000000083300000, 0x0000000083300000| Untracked 
|  52|0x0000000083400000, 0x0000000083400000, 0x0000000083500000|  0%| F|  |TAMS 0x0000000083400000, 0x0000000083400000| Untracked 
|  53|0x0000000083500000, 0x0000000083500000, 0x0000000083600000|  0%| F|  |TAMS 0x0000000083500000, 0x0000000083500000| Untracked 
|  54|0x0000000083600000, 0x0000000083700000, 0x0000000083700000|100%| S|CS|TAMS 0x0000000083600000, 0x0000000083600000| Complete 
|  55|0x0000000083700000, 0x0000000083800000, 0x0000000083800000|100%| S|CS|TAMS 0x0000000083700000, 0x0000000083700000| Complete 
|  56|0x0000000083800000, 0x0000000083900000, 0x0000000083900000|100%| S|CS|TAMS 0x0000000083800000, 0x0000000083800000| Complete 
|  57|0x0000000083900000, 0x0000000083a00000, 0x0000000083a00000|100%| S|CS|TAMS 0x0000000083900000, 0x0000000083900000| Complete 
|  58|0x0000000083a00000, 0x0000000083b00000, 0x0000000083b00000|100%| S|CS|TAMS 0x0000000083a00000, 0x0000000083a00000| Complete 
|  59|0x0000000083b00000, 0x0000000083c00000, 0x0000000083c00000|100%| S|CS|TAMS 0x0000000083b00000, 0x0000000083b00000| Complete 
|  60|0x0000000083c00000, 0x0000000083d00000, 0x0000000083d00000|100%| S|CS|TAMS 0x0000000083c00000, 0x0000000083c00000| Complete 
|  61|0x0000000083d00000, 0x0000000083e00000, 0x0000000083e00000|100%| S|CS|TAMS 0x0000000083d00000, 0x0000000083d00000| Complete 
|  62|0x0000000083e00000, 0x0000000083f00000, 0x0000000083f00000|100%| S|CS|TAMS 0x0000000083e00000, 0x0000000083e00000| Complete 
|  63|0x0000000083f00000, 0x0000000083f00000, 0x0000000084000000|  0%| F|  |TAMS 0x0000000083f00000, 0x0000000083f00000| Untracked 
|  64|0x0000000084000000, 0x0000000084000000, 0x0000000084100000|  0%| F|  |TAMS 0x0000000084000000, 0x0000000084000000| Untracked 
|  65|0x0000000084100000, 0x0000000084100000, 0x0000000084200000|  0%| F|  |TAMS 0x0000000084100000, 0x0000000084100000| Untracked 
|  66|0x0000000084200000, 0x0000000084200000, 0x0000000084300000|  0%| F|  |TAMS 0x0000000084200000, 0x0000000084200000| Untracked 
|  67|0x0000000084300000, 0x0000000084300000, 0x0000000084400000|  0%| F|  |TAMS 0x0000000084300000, 0x0000000084300000| Untracked 
|  68|0x0000000084400000, 0x0000000084400000, 0x0000000084500000|  0%| F|  |TAMS 0x0000000084400000, 0x0000000084400000| Untracked 
|  69|0x0000000084500000, 0x0000000084500000, 0x0000000084600000|  0%| F|  |TAMS 0x0000000084500000, 0x0000000084500000| Untracked 
|  70|0x0000000084600000, 0x0000000084600000, 0x0000000084700000|  0%| F|  |TAMS 0x0000000084600000, 0x0000000084600000| Untracked 
|  71|0x0000000084700000, 0x0000000084700000, 0x0000000084800000|  0%| F|  |TAMS 0x0000000084700000, 0x0000000084700000| Untracked 
|  72|0x0000000084800000, 0x0000000084800000, 0x0000000084900000|  0%| F|  |TAMS 0x0000000084800000, 0x0000000084800000| Untracked 
|  73|0x0000000084900000, 0x0000000084900000, 0x0000000084a00000|  0%| F|  |TAMS 0x0000000084900000, 0x0000000084900000| Untracked 
|  74|0x0000000084a00000, 0x0000000084a00000, 0x0000000084b00000|  0%| F|  |TAMS 0x0000000084a00000, 0x0000000084a00000| Untracked 
|  75|0x0000000084b00000, 0x0000000084b00000, 0x0000000084c00000|  0%| F|  |TAMS 0x0000000084b00000, 0x0000000084b00000| Untracked 
|  76|0x0000000084c00000, 0x0000000084c00000, 0x0000000084d00000|  0%| F|  |TAMS 0x0000000084c00000, 0x0000000084c00000| Untracked 
|  77|0x0000000084d00000, 0x0000000084d00000, 0x0000000084e00000|  0%| F|  |TAMS 0x0000000084d00000, 0x0000000084d00000| Untracked 
|  78|0x0000000084e00000, 0x0000000084e00000, 0x0000000084f00000|  0%| F|  |TAMS 0x0000000084e00000, 0x0000000084e00000| Untracked 
|  79|0x0000000084f00000, 0x0000000084f00000, 0x0000000085000000|  0%| F|  |TAMS 0x0000000084f00000, 0x0000000084f00000| Untracked 
|  80|0x0000000085000000, 0x0000000085000000, 0x0000000085100000|  0%| F|  |TAMS 0x0000000085000000, 0x0000000085000000| Untracked 
|  81|0x0000000085100000, 0x0000000085100000, 0x0000000085200000|  0%| F|  |TAMS 0x0000000085100000, 0x0000000085100000| Untracked 
|  82|0x0000000085200000, 0x0000000085200000, 0x0000000085300000|  0%| F|  |TAMS 0x0000000085200000, 0x0000000085200000| Untracked 
|  83|0x0000000085300000, 0x0000000085300000, 0x0000000085400000|  0%| F|  |TAMS 0x0000000085300000, 0x0000000085300000| Untracked 
|  84|0x0000000085400000, 0x0000000085400000, 0x0000000085500000|  0%| F|  |TAMS 0x0000000085400000, 0x0000000085400000| Untracked 
|  85|0x0000000085500000, 0x0000000085500000, 0x0000000085600000|  0%| F|  |TAMS 0x0000000085500000, 0x0000000085500000| Untracked 
|  86|0x0000000085600000, 0x0000000085600000, 0x0000000085700000|  0%| F|  |TAMS 0x0000000085600000, 0x0000000085600000| Untracked 
|  87|0x0000000085700000, 0x0000000085700000, 0x0000000085800000|  0%| F|  |TAMS 0x0000000085700000, 0x0000000085700000| Untracked 
|  88|0x0000000085800000, 0x0000000085800000, 0x0000000085900000|  0%| F|  |TAMS 0x0000000085800000, 0x0000000085800000| Untracked 
|  89|0x0000000085900000, 0x0000000085900000, 0x0000000085a00000|  0%| F|  |TAMS 0x0000000085900000, 0x0000000085900000| Untracked 
|  90|0x0000000085a00000, 0x0000000085a00000, 0x0000000085b00000|  0%| F|  |TAMS 0x0000000085a00000, 0x0000000085a00000| Untracked 
|  91|0x0000000085b00000, 0x0000000085b00000, 0x0000000085c00000|  0%| F|  |TAMS 0x0000000085b00000, 0x0000000085b00000| Untracked 
|  92|0x0000000085c00000, 0x0000000085c00000, 0x0000000085d00000|  0%| F|  |TAMS 0x0000000085c00000, 0x0000000085c00000| Untracked 
|  93|0x0000000085d00000, 0x0000000085d00000, 0x0000000085e00000|  0%| F|  |TAMS 0x0000000085d00000, 0x0000000085d00000| Untracked 
|  94|0x0000000085e00000, 0x0000000085e00000, 0x0000000085f00000|  0%| F|  |TAMS 0x0000000085e00000, 0x0000000085e00000| Untracked 
|  95|0x0000000085f00000, 0x0000000085f00000, 0x0000000086000000|  0%| F|  |TAMS 0x0000000085f00000, 0x0000000085f00000| Untracked 
|  96|0x0000000086000000, 0x0000000086000000, 0x0000000086100000|  0%| F|  |TAMS 0x0000000086000000, 0x0000000086000000| Untracked 
|  97|0x0000000086100000, 0x0000000086100000, 0x0000000086200000|  0%| F|  |TAMS 0x0000000086100000, 0x0000000086100000| Untracked 
|  98|0x0000000086200000, 0x0000000086200000, 0x0000000086300000|  0%| F|  |TAMS 0x0000000086200000, 0x0000000086200000| Untracked 
|  99|0x0000000086300000, 0x0000000086300000, 0x0000000086400000|  0%| F|  |TAMS 0x0000000086300000, 0x0000000086300000| Untracked 
| 100|0x0000000086400000, 0x0000000086400000, 0x0000000086500000|  0%| F|  |TAMS 0x0000000086400000, 0x0000000086400000| Untracked 
| 101|0x0000000086500000, 0x0000000086500000, 0x0000000086600000|  0%| F|  |TAMS 0x0000000086500000, 0x0000000086500000| Untracked 
| 102|0x0000000086600000, 0x0000000086600000, 0x0000000086700000|  0%| F|  |TAMS 0x0000000086600000, 0x0000000086600000| Untracked 
| 103|0x0000000086700000, 0x0000000086700000, 0x0000000086800000|  0%| F|  |TAMS 0x0000000086700000, 0x0000000086700000| Untracked 
| 104|0x0000000086800000, 0x0000000086800000, 0x0000000086900000|  0%| F|  |TAMS 0x0000000086800000, 0x0000000086800000| Untracked 
| 105|0x0000000086900000, 0x0000000086900000, 0x0000000086a00000|  0%| F|  |TAMS 0x0000000086900000, 0x0000000086900000| Untracked 
| 106|0x0000000086a00000, 0x0000000086a00000, 0x0000000086b00000|  0%| F|  |TAMS 0x0000000086a00000, 0x0000000086a00000| Untracked 
| 107|0x0000000086b00000, 0x0000000086b00000, 0x0000000086c00000|  0%| F|  |TAMS 0x0000000086b00000, 0x0000000086b00000| Untracked 
| 108|0x0000000086c00000, 0x0000000086c00000, 0x0000000086d00000|  0%| F|  |TAMS 0x0000000086c00000, 0x0000000086c00000| Untracked 
| 109|0x0000000086d00000, 0x0000000086d00000, 0x0000000086e00000|  0%| F|  |TAMS 0x0000000086d00000, 0x0000000086d00000| Untracked 
| 110|0x0000000086e00000, 0x0000000086e00000, 0x0000000086f00000|  0%| F|  |TAMS 0x0000000086e00000, 0x0000000086e00000| Untracked 
| 111|0x0000000086f00000, 0x0000000086f00000, 0x0000000087000000|  0%| F|  |TAMS 0x0000000086f00000, 0x0000000086f00000| Untracked 
| 112|0x0000000087000000, 0x0000000087000000, 0x0000000087100000|  0%| F|  |TAMS 0x0000000087000000, 0x0000000087000000| Untracked 
| 113|0x0000000087100000, 0x0000000087100000, 0x0000000087200000|  0%| F|  |TAMS 0x0000000087100000, 0x0000000087100000| Untracked 
| 114|0x0000000087200000, 0x0000000087200000, 0x0000000087300000|  0%| F|  |TAMS 0x0000000087200000, 0x0000000087200000| Untracked 
| 115|0x0000000087300000, 0x0000000087300000, 0x0000000087400000|  0%| F|  |TAMS 0x0000000087300000, 0x0000000087300000| Untracked 
| 116|0x0000000087400000, 0x0000000087400000, 0x0000000087500000|  0%| F|  |TAMS 0x0000000087400000, 0x0000000087400000| Untracked 
| 117|0x0000000087500000, 0x0000000087600000, 0x0000000087600000|100%| E|  |TAMS 0x0000000087500000, 0x0000000087500000| Complete 
| 118|0x0000000087600000, 0x0000000087700000, 0x0000000087700000|100%| E|CS|TAMS 0x0000000087600000, 0x0000000087600000| Complete 
| 119|0x0000000087700000, 0x0000000087800000, 0x0000000087800000|100%| E|CS|TAMS 0x0000000087700000, 0x0000000087700000| Complete 
| 120|0x0000000087800000, 0x0000000087900000, 0x0000000087900000|100%| E|CS|TAMS 0x0000000087800000, 0x0000000087800000| Complete 
| 121|0x0000000087900000, 0x0000000087a00000, 0x0000000087a00000|100%| E|CS|TAMS 0x0000000087900000, 0x0000000087900000| Complete 
| 122|0x0000000087a00000, 0x0000000087b00000, 0x0000000087b00000|100%| E|CS|TAMS 0x0000000087a00000, 0x0000000087a00000| Complete 
| 123|0x0000000087b00000, 0x0000000087c00000, 0x0000000087c00000|100%| E|CS|TAMS 0x0000000087b00000, 0x0000000087b00000| Complete 
| 124|0x0000000087c00000, 0x0000000087d00000, 0x0000000087d00000|100%| E|CS|TAMS 0x0000000087c00000, 0x0000000087c00000| Complete 
| 125|0x0000000087d00000, 0x0000000087e00000, 0x0000000087e00000|100%| E|CS|TAMS 0x0000000087d00000, 0x0000000087d00000| Complete 
| 126|0x0000000087e00000, 0x0000000087f00000, 0x0000000087f00000|100%| E|CS|TAMS 0x0000000087e00000, 0x0000000087e00000| Complete 
| 127|0x0000000087f00000, 0x0000000088000000, 0x0000000088000000|100%| E|CS|TAMS 0x0000000087f00000, 0x0000000087f00000| Complete 

Card table byte_map: [0x00000272aacc0000,0x00000272ab0c0000] _byte_map_base: 0x00000272aa8c0000

Marking Bits (Prev, Next): (CMBitMap*) 0x0000027297ad83c0, (CMBitMap*) 0x0000027297ad8388
 Prev Bits: [0x00000272ad4c0000, 0x00000272af4c0000)
 Next Bits: [0x00000272ab4c0000, 0x00000272ad4c0000)

Polling page: 0x0000027295960000

Metaspace:

Usage:
  Non-class:     28.23 MB capacity,    27.67 MB ( 98%) used,   492.70 KB (  2%) free+waste,    77.38 KB ( <1%) overhead. 
      Class:      4.61 MB capacity,     4.28 MB ( 93%) used,   302.38 KB (  6%) free+waste,    38.81 KB ( <1%) overhead. 
       Both:     32.83 MB capacity,    31.95 MB ( 97%) used,   795.07 KB (  2%) free+waste,   116.19 KB ( <1%) overhead. 

Virtual space:
  Non-class space:       30.00 MB reserved,      28.42 MB ( 95%) committed 
      Class space:        1.00 GB reserved,       4.63 MB ( <1%) committed 
             Both:        1.03 GB reserved,      33.05 MB (  3%) committed 

Chunk freelists:
   Non-Class:  8.00 KB
       Class:  17.00 KB
        Both:  25.00 KB

MaxMetaspaceSize: 17179869184.00 GB
CompressedClassSpaceSize: 1.00 GB
Initial GC threshold: 20.80 MB
Current GC threshold: 34.87 MB
CDS: off

CodeHeap 'non-profiled nmethods': size=120000Kb used=1537Kb max_used=1537Kb free=118462Kb
 bounds [0x00000272a3060000, 0x00000272a32d0000, 0x00000272aa590000]
CodeHeap 'profiled nmethods': size=120000Kb used=6080Kb max_used=6080Kb free=113919Kb
 bounds [0x000002729bb30000, 0x000002729c130000, 0x00000272a3060000]
CodeHeap 'non-nmethods': size=5760Kb used=1231Kb max_used=1281Kb free=4528Kb
 bounds [0x000002729b590000, 0x000002729b800000, 0x000002729bb30000]
 total_blobs=3308 nmethods=2798 adapters=422
 compilation: enabled
              stopped_count=0, restarted_count=0
 full_count=0

Compilation events (20 events):
Event: 9.629 Thread 0x00000272b27a3000 2790       3       org.objectweb.asm.MethodWriter::visitCode (1 bytes)
Event: 9.629 Thread 0x00000272b27a3000 nmethod 2790 0x000002729c11b710 code [0x000002729c11b8c0, 0x000002729c11b9b8]
Event: 9.637 Thread 0x00000272b279e000 nmethod 2777 0x00000272a31d6f90 code [0x00000272a31d71e0, 0x00000272a31d8ec8]
Event: 9.637 Thread 0x00000272b279e000 2778   !   4       java.util.zip.ZipFile::getInputStream (323 bytes)
Event: 9.642 Thread 0x00000272b27a3000 2792       3       org.objectweb.asm.MethodWriter::putAbstractTypes (31 bytes)
Event: 9.642 Thread 0x00000272b27a3000 nmethod 2792 0x000002729c11ba90 code [0x000002729c11bc60, 0x000002729c11be88]
Event: 9.645 Thread 0x00000272b27a3000 2793       1       java.util.concurrent.atomic.AtomicInteger::set (6 bytes)
Event: 9.646 Thread 0x00000272b27a3000 nmethod 2793 0x00000272a31d9e10 code [0x00000272a31d9fc0, 0x00000272a31da078]
Event: 9.646 Thread 0x00000272b27a3000 2794       3       java.lang.invoke.MethodHandles$Lookup::resolveOrFail (48 bytes)
Event: 9.647 Thread 0x00000272b27a3000 nmethod 2794 0x000002729c11c010 code [0x000002729c11c280, 0x000002729c11ca58]
Event: 9.647 Thread 0x00000272b27a3000 2795       3       java.lang.invoke.MethodHandles$Lookup::checkMethodName (43 bytes)
Event: 9.648 Thread 0x00000272b27a3000 nmethod 2795 0x000002729c11cd90 code [0x000002729c11d000, 0x000002729c11d948]
Event: 9.648 Thread 0x00000272b27a3000 2796       3       com.google.common.cache.LocalCache::recordsAccess (5 bytes)
Event: 9.648 Thread 0x00000272b27a3000 nmethod 2796 0x000002729c11dd10 code [0x000002729c11dec0, 0x000002729c11e098]
Event: 9.656 Thread 0x00000272b27a3000 2798       3       java.lang.invoke.InfoFromMemberName::getDeclaringClass (8 bytes)
Event: 9.656 Thread 0x00000272b27a3000 nmethod 2798 0x000002729c11e190 code [0x000002729c11e340, 0x000002729c11e458]
Event: 9.675 Thread 0x00000272b27a3000 2799       3       java.util.concurrent.locks.AbstractQueuedSynchronizer$ConditionObject::checkInterruptWhileWaiting (27 bytes)
Event: 9.676 Thread 0x00000272b27a3000 nmethod 2799 0x000002729c11e510 code [0x000002729c11e7c0, 0x000002729c11f248]
Event: 9.701 Thread 0x00000272b27a3000 2800       3       jdk.internal.org.objectweb.asm.MethodVisitor::visitFieldInsn (20 bytes)
Event: 9.701 Thread 0x00000272b27a3000 nmethod 2800 0x000002729c11f690 code [0x000002729c11f840, 0x000002729c11fa28]

GC Heap History (10 events):
Event: 1.303 GC heap before
{Heap before GC invocations=0 (full 0):
 garbage-first heap   total 131072K, used 29696K [0x0000000080000000, 0x0000000100000000)
  region size 1024K, 24 young (24576K), 0 survivors (0K)
 Metaspace       used 10155K, capacity 10393K, committed 10624K, reserved 1058816K
  class space    used 1044K, capacity 1108K, committed 1152K, reserved 1048576K
}
Event: 1.312 GC heap after
{Heap after GC invocations=1 (full 0):
 garbage-first heap   total 131072K, used 9127K [0x0000000080000000, 0x0000000100000000)
  region size 1024K, 3 young (3072K), 3 survivors (3072K)
 Metaspace       used 10155K, capacity 10393K, committed 10624K, reserved 1058816K
  class space    used 1044K, capacity 1108K, committed 1152K, reserved 1048576K
}
Event: 5.770 GC heap before
{Heap before GC invocations=1 (full 0):
 garbage-first heap   total 131072K, used 84903K [0x0000000080000000, 0x0000000100000000)
  region size 1024K, 76 young (77824K), 3 survivors (3072K)
 Metaspace       used 17994K, capacity 18438K, committed 18688K, reserved 1064960K
  class space    used 2097K, capacity 2228K, committed 2304K, reserved 1048576K
}
Event: 5.794 GC heap after
{Heap after GC invocations=2 (full 0):
 garbage-first heap   total 131072K, used 16033K [0x0000000080000000, 0x0000000100000000)
  region size 1024K, 10 young (10240K), 10 survivors (10240K)
 Metaspace       used 17994K, capacity 18438K, committed 18688K, reserved 1064960K
  class space    used 2097K, capacity 2228K, committed 2304K, reserved 1048576K
}
Event: 6.249 GC heap before
{Heap before GC invocations=2 (full 0):
 garbage-first heap   total 131072K, used 42657K [0x0000000080000000, 0x0000000100000000)
  region size 1024K, 37 young (37888K), 10 survivors (10240K)
 Metaspace       used 20720K, capacity 21218K, committed 21296K, reserved 1069056K
  class space    used 2515K, capacity 2665K, committed 2688K, reserved 1048576K
}
Event: 6.259 GC heap after
{Heap after GC invocations=3 (full 0):
 garbage-first heap   total 131072K, used 17120K [0x0000000080000000, 0x0000000100000000)
  region size 1024K, 2 young (2048K), 2 survivors (2048K)
 Metaspace       used 20720K, capacity 21218K, committed 21296K, reserved 1069056K
  class space    used 2515K, capacity 2665K, committed 2688K, reserved 1048576K
}
Event: 7.470 GC heap before
{Heap before GC invocations=4 (full 0):
 garbage-first heap   total 131072K, used 73440K [0x0000000080000000, 0x0000000100000000)
  region size 1024K, 57 young (58368K), 2 survivors (2048K)
 Metaspace       used 26772K, capacity 27468K, committed 27824K, reserved 1073152K
  class space    used 3486K, capacity 3737K, committed 3840K, reserved 1048576K
}
Event: 7.478 GC heap after
{Heap after GC invocations=5 (full 0):
 garbage-first heap   total 131072K, used 19020K [0x0000000080000000, 0x0000000100000000)
  region size 1024K, 4 young (4096K), 4 survivors (4096K)
 Metaspace       used 26772K, capacity 27468K, committed 27824K, reserved 1073152K
  class space    used 3486K, capacity 3737K, committed 3840K, reserved 1048576K
}
Event: 9.477 GC heap before
{Heap before GC invocations=5 (full 0):
 garbage-first heap   total 131072K, used 99916K [0x0000000080000000, 0x0000000100000000)
  region size 1024K, 65 young (66560K), 4 survivors (4096K)
 Metaspace       used 31332K, capacity 32248K, committed 32432K, reserved 1077248K
  class space    used 4172K, capacity 4537K, committed 4608K, reserved 1048576K
}
Event: 9.484 GC heap after
{Heap after GC invocations=6 (full 0):
 garbage-first heap   total 131072K, used 43802K [0x0000000080000000, 0x0000000100000000)
  region size 1024K, 9 young (9216K), 9 survivors (9216K)
 Metaspace       used 31332K, capacity 32248K, committed 32432K, reserved 1077248K
  class space    used 4172K, capacity 4537K, committed 4608K, reserved 1048576K
}

Deoptimization events (20 events):
Event: 7.933 Thread 0x00000272b42a0800 DEOPT PACKING pc=0x000002729be686d8 sp=0x000000ca182f8560
Event: 7.933 Thread 0x00000272b42a0800 DEOPT UNPACKING pc=0x000002729b5da95e sp=0x000000ca182f79d8 mode 0
Event: 8.007 Thread 0x00000272b42a0800 DEOPT PACKING pc=0x000002729bbf7a1b sp=0x000000ca182f8130
Event: 8.007 Thread 0x00000272b42a0800 DEOPT UNPACKING pc=0x000002729b5da95e sp=0x000000ca182f7670 mode 0
Event: 8.377 Thread 0x00000272b42a0800 Uncommon trap: trap_request=0xffffffcc fr.pc=0x00000272a31b6f70 relative=0x00000000000002b0
Event: 8.377 Thread 0x00000272b42a0800 Uncommon trap: reason=intrinsic_or_type_checked_inlining action=make_not_entrant pc=0x00000272a31b6f70 method=java.util.Arrays.copyOf([Ljava/lang/Object;ILjava/lang/Class;)[Ljava/lang/Object; @ 35 c2
Event: 8.377 Thread 0x00000272b42a0800 DEOPT PACKING pc=0x00000272a31b6f70 sp=0x000000ca182f8960
Event: 8.377 Thread 0x00000272b42a0800 DEOPT UNPACKING pc=0x000002729b5da1af sp=0x000000ca182f88f0 mode 2
Event: 8.514 Thread 0x00000272b42a0800 Uncommon trap: trap_request=0xffffff4d fr.pc=0x00000272a3150acc relative=0x000000000000020c
Event: 8.514 Thread 0x00000272b42a0800 Uncommon trap: reason=unstable_if action=reinterpret pc=0x00000272a3150acc method=java.util.HashMap.hash(Ljava/lang/Object;)I @ 1 c2
Event: 8.514 Thread 0x00000272b42a0800 DEOPT PACKING pc=0x00000272a3150acc sp=0x000000ca182f7440
Event: 8.514 Thread 0x00000272b42a0800 DEOPT UNPACKING pc=0x000002729b5da1af sp=0x000000ca182f7378 mode 2
Event: 8.514 Thread 0x00000272b42a0800 Uncommon trap: trap_request=0xffffff4d fr.pc=0x00000272a313812c relative=0x000000000000008c
Event: 8.514 Thread 0x00000272b42a0800 Uncommon trap: reason=unstable_if action=reinterpret pc=0x00000272a313812c method=java.util.HashMap.hash(Ljava/lang/Object;)I @ 1 c2
Event: 8.514 Thread 0x00000272b42a0800 DEOPT PACKING pc=0x00000272a313812c sp=0x000000ca182f71b0
Event: 8.514 Thread 0x00000272b42a0800 DEOPT UNPACKING pc=0x000002729b5da1af sp=0x000000ca182f7148 mode 2
Event: 8.814 Thread 0x00000272b42a0800 Uncommon trap: trap_request=0xffffff4d fr.pc=0x00000272a31d1364 relative=0x00000000000001a4
Event: 8.814 Thread 0x00000272b42a0800 Uncommon trap: reason=unstable_if action=reinterpret pc=0x00000272a31d1364 method=java.util.regex.Pattern$BmpCharProperty.match(Ljava/util/regex/Matcher;ILjava/lang/CharSequence;)Z @ 39 c2
Event: 8.814 Thread 0x00000272b42a0800 DEOPT PACKING pc=0x00000272a31d1364 sp=0x000000ca182f8cd0
Event: 8.814 Thread 0x00000272b42a0800 DEOPT UNPACKING pc=0x000002729b5da1af sp=0x000000ca182f8c80 mode 2

Classes redefined (0 events):
No events

Internal exceptions (20 events):
Event: 7.959 Thread 0x00000272b42a0800 Exception <a 'java/lang/NoSuchMethodError'{0x0000000087279188}: <clinit>> (0x0000000087279188) thrown at [./src/hotspot/share/prims/jni.cpp, line 1366]
Event: 7.959 Thread 0x00000272b42a0800 Exception <a 'java/lang/NoSuchMethodError'{0x000000008727bbc0}: <clinit>> (0x000000008727bbc0) thrown at [./src/hotspot/share/prims/jni.cpp, line 1366]
Event: 7.959 Thread 0x00000272b42a0800 Exception <a 'java/lang/NoSuchMethodError'{0x000000008727d1c8}: <clinit>> (0x000000008727d1c8) thrown at [./src/hotspot/share/prims/jni.cpp, line 1366]
Event: 7.960 Thread 0x00000272b42a0800 Exception <a 'java/lang/NoSuchMethodError'{0x000000008727e760}: <clinit>> (0x000000008727e760) thrown at [./src/hotspot/share/prims/jni.cpp, line 1366]
Event: 7.960 Thread 0x00000272b42a0800 Exception <a 'java/lang/NoSuchMethodError'{0x000000008727fec0}: <clinit>> (0x000000008727fec0) thrown at [./src/hotspot/share/prims/jni.cpp, line 1366]
Event: 7.960 Thread 0x00000272b42a0800 Exception <a 'java/lang/NoSuchMethodError'{0x0000000087281818}: <clinit>> (0x0000000087281818) thrown at [./src/hotspot/share/prims/jni.cpp, line 1366]
Event: 7.960 Thread 0x00000272b42a0800 Exception <a 'java/lang/NoSuchMethodError'{0x0000000087282aa8}: <clinit>> (0x0000000087282aa8) thrown at [./src/hotspot/share/prims/jni.cpp, line 1366]
Event: 7.986 Thread 0x00000272b42a0800 Exception <a 'java/lang/NoSuchMethodError'{0x00000000870e1d00}: 'java.lang.Object java.lang.invoke.Invokers$Holder.linkToTargetMethod(java.lang.Object, int, java.lang.Object)'> (0x00000000870e1d00) thrown at [./src/hotspot/share/interpreter/linkResolver.cpp, line 773]
Event: 8.343 Thread 0x00000272b42a0800 Exception <a 'java/lang/NoSuchMethodError'{0x0000000085c61dc8}: 'java.lang.Object java.lang.invoke.DirectMethodHandle$Holder.invokeSpecialIFC(java.lang.Object, java.lang.Object, java.lang.Object, java.lang.Object)'> (0x0000000085c61dc8) thrown at [./src/hotspot/share/interpreter/linkResolver.cpp, line 773]
Event: 8.514 Thread 0x00000272b42a0800 Implicit null exception at 0x00000272a31508f5 to 0x00000272a3150abc
Event: 8.514 Thread 0x00000272b42a0800 Implicit null exception at 0x00000272a31380af to 0x00000272a313811d
Event: 8.820 Thread 0x00000272b42a0800 Exception <a 'java/lang/NoSuchMethodError'{0x0000000085111f08}: 'java.lang.Object java.lang.invoke.DirectMethodHandle$Holder.invokeSpecial(java.lang.Object, java.lang.Object, java.lang.Object, java.lang.Object, java.lang.Object, java.lang.Object, java.lang.Object, java.lang.Object, java.lang.Object, java.lang.Object, java.lang.Object, java.lang.Object, java.lang.Object)'> (0x0000000085111f08) thrown at [./src/hotspot/share/interpreter/linkResolver.cpp, line 773]
Event: 8.826 Thread 0x00000272b42a0800 Exception <a 'java/lang/NoSuchMethodError'{0x0000000085123010}: 'java.lang.Object java.lang.invoke.DirectMethodHandle$Holder.invokeSpecial(java.lang.Object, java.lang.Object, java.lang.Object, java.lang.Object, java.lang.Object, java.lang.Object, java.lang.Object, java.lang.Object, java.lang.Object, java.lang.Object, java.lang.Object, java.lang.Object)'> (0x0000000085123010) thrown at [./src/hotspot/share/interpreter/linkResolver.cpp, line 773]
Event: 8.830 Thread 0x00000272b42a0800 Exception <a 'java/lang/NoSuchMethodError'{0x00000000851283e0}: 'java.lang.Object java.lang.invoke.Invokers$Holder.linkToTargetMethod(java.lang.Object, java.lang.Object, java.lang.Object, java.lang.Object, java.lang.Object, java.lang.Object, java.lang.Object, java.lang.Object, java.lang.Object, java.lang.Object, java.lang.Object)'> (0x00000000851283e0) thrown at [./src/hotspot/share/interpreter/linkResolver.cpp, line 773]
Event: 8.937 Thread 0x00000272b42a0800 Exception <a 'java/lang/NoSuchMethodError'{0x00000000851d04f0}: 'java.lang.Object java.lang.invoke.DirectMethodHandle$Holder.invokeSpecial(java.lang.Object, java.lang.Object, java.lang.Object, java.lang.Object, java.lang.Object, java.lang.Object, java.lang.Object, java.lang.Object, java.lang.Object, java.lang.Object, java.lang.Object, java.lang.Object, java.lang.Object, java.lang.Object)'> (0x00000000851d04f0) thrown at [./src/hotspot/share/interpreter/linkResolver.cpp, line 773]
Event: 8.946 Thread 0x00000272b42a0800 Exception <a 'java/lang/NoSuchMethodError'{0x00000000851e1e10}: 'java.lang.Object java.lang.invoke.Invokers$Holder.linkToTargetMethod(java.lang.Object, java.lang.Object, java.lang.Object, java.lang.Object, java.lang.Object, java.lang.Object, java.lang.Object, java.lang.Object, java.lang.Object, java.lang.Object, java.lang.Object, java.lang.Object)'> (0x00000000851e1e10) thrown at [./src/hotspot/share/interpreter/linkResolver.cpp, line 773]
Event: 9.073 Thread 0x00000272b42a0800 Exception <a 'java/lang/NoSuchMethodError'{0x0000000084f08318}: 'java.lang.Object java.lang.invoke.DirectMethodHandle$Holder.invokeStaticInit(java.lang.Object, java.lang.Object, java.lang.Object, java.lang.Object)'> (0x0000000084f08318) thrown at [./src/hotspot/share/interpreter/linkResolver.cpp, line 773]
Event: 9.388 Thread 0x00000272b42a0800 Exception <a 'java/lang/NoSuchMethodError'{0x00000000842009a8}: 'java.lang.Object java.lang.invoke.Invokers$Holder.linkToTargetMethod(java.lang.Object, java.lang.Object, java.lang.Object, java.lang.Object, java.lang.Object, java.lang.Object, java.lang.Object, java.lang.Object)'> (0x00000000842009a8) thrown at [./src/hotspot/share/interpreter/linkResolver.cpp, line 773]
Event: 9.405 Thread 0x00000272b42a0800 Exception <a 'java/lang/NoSuchMethodError'{0x00000000842576a0}: 'java.lang.Object java.lang.invoke.Invokers$Holder.linkToTargetMethod(java.lang.Object, java.lang.Object, java.lang.Object, java.lang.Object, java.lang.Object, java.lang.Object, java.lang.Object)'> (0x00000000842576a0) thrown at [./src/hotspot/share/interpreter/linkResolver.cpp, line 773]
Event: 9.417 Thread 0x00000272b42a0800 Exception <a 'java/lang/IncompatibleClassChangeError'{0x00000000842aeb98}: Found class java.lang.Object, but interface was expected> (0x00000000842aeb98) thrown at [./src/hotspot/share/interpreter/linkResolver.cpp, line 839]

Events (20 events):
Event: 9.699 loading class org/gradle/internal/classpath/InstrumentingClasspathFileTransformer
Event: 9.699 loading class org/gradle/internal/classpath/InstrumentingClasspathFileTransformer done
Event: 9.700 loading class org/gradle/internal/classpath/ClasspathFileTransformer
Event: 9.700 loading class org/gradle/internal/classpath/ClasspathFileTransformer done
Event: 9.700 loading class org/gradle/internal/classpath/DefaultCachedClasspathTransformer
Event: 9.700 loading class org/gradle/internal/classpath/DefaultCachedClasspathTransformer done
Event: 9.701 loading class org/gradle/internal/file/impl/DefaultFileMetadata$1
Event: 9.701 loading class org/gradle/internal/file/impl/DefaultFileMetadata$1 done
Event: 9.702 loading class org/gradle/internal/snapshot/impl/DirectorySnapshotter$PathVisitor
Event: 9.702 loading class org/gradle/internal/snapshot/impl/DirectorySnapshotter$PathVisitor done
Event: 9.702 loading class org/gradle/internal/snapshot/impl/DirectorySnapshotterStatistics$CollectingFileVisitor
Event: 9.702 loading class org/gradle/internal/snapshot/impl/DirectorySnapshotterStatistics$CollectingFileVisitor done
Event: 9.703 loading class org/gradle/internal/snapshot/RelativePathTracker
Event: 9.703 loading class org/gradle/internal/snapshot/RelativePathTracker done
Event: 9.704 loading class org/gradle/internal/snapshot/MerkleDirectorySnapshotBuilder
Event: 9.704 loading class org/gradle/internal/snapshot/MerkleDirectorySnapshotBuilder done
Event: 9.704 loading class java/nio/file/FileTreeWalker
Event: 9.705 loading class java/nio/file/FileTreeWalker done
Event: 9.705 loading class java/nio/file/attribute/BasicWithKeyFileAttributeView
Event: 9.705 loading class java/nio/file/attribute/BasicWithKeyFileAttributeView done


Dynamic libraries:
0x00007ff7e2210000 - 0x00007ff7e221a000 	C:\Program Files\Android\Android Studio\jre\bin\java.exe
0x00007fffc92f0000 - 0x00007fffc94e8000 	C:\WINDOWS\SYSTEM32\ntdll.dll
0x00007fffc75b0000 - 0x00007fffc766d000 	C:\WINDOWS\System32\KERNEL32.DLL
0x00007fffc6e80000 - 0x00007fffc7176000 	C:\WINDOWS\System32\KERNELBASE.dll
0x00007fffc69a0000 - 0x00007fffc6aa0000 	C:\WINDOWS\System32\ucrtbase.dll
0x00007fffa8b20000 - 0x00007fffa8b37000 	C:\Program Files\Android\Android Studio\jre\bin\VCRUNTIME140.dll
0x00007fffa9410000 - 0x00007fffa9429000 	C:\Program Files\Android\Android Studio\jre\bin\jli.dll
0x00007fffc87e0000 - 0x00007fffc897f000 	C:\WINDOWS\System32\USER32.dll
0x00007fffc6d40000 - 0x00007fffc6d62000 	C:\WINDOWS\System32\win32u.dll
0x00007fffc8ef0000 - 0x00007fffc8f1b000 	C:\WINDOWS\System32\GDI32.dll
0x00007fffc7180000 - 0x00007fffc7297000 	C:\WINDOWS\System32\gdi32full.dll
0x00007fffc6de0000 - 0x00007fffc6e7d000 	C:\WINDOWS\System32\msvcp_win.dll
0x00007fffbb7f0000 - 0x00007fffbba8a000 	C:\WINDOWS\WinSxS\amd64_microsoft.windows.common-controls_6595b64144ccf1df_6.0.19041.4355_none_60b8b9eb71f62e16\COMCTL32.dll
0x00007fffc8740000 - 0x00007fffc87de000 	C:\WINDOWS\System32\msvcrt.dll
0x00007fffc8b00000 - 0x00007fffc8b32000 	C:\WINDOWS\System32\IMM32.DLL
0x000000005f290000 - 0x000000005f29c000 	C:\Program Files (x86)\360\Total Security\safemon\SafeWrapper.dll
0x00007fffc79e0000 - 0x00007fffc7a90000 	C:\WINDOWS\System32\ADVAPI32.dll
0x00007fffc8680000 - 0x00007fffc8720000 	C:\WINDOWS\System32\sechost.dll
0x00007fffc8f20000 - 0x00007fffc9043000 	C:\WINDOWS\System32\RPCRT4.dll
0x00007fffc72a0000 - 0x00007fffc72c7000 	C:\WINDOWS\System32\bcrypt.dll
0x00007fff9ece0000 - 0x00007fff9ed72000 	C:\Program Files (x86)\360\Total Security\safemon\libzdtp64.dll
0x00007fffc7aa0000 - 0x00007fffc820b000 	C:\WINDOWS\System32\SHELL32.dll
0x00007fffc8a90000 - 0x00007fffc8ae5000 	C:\WINDOWS\System32\SHLWAPI.dll
0x00007fffc6420000 - 0x00007fffc642a000 	C:\WINDOWS\SYSTEM32\VERSION.dll
0x00007fff9de20000 - 0x00007fff9debd000 	C:\Program Files\Android\Android Studio\jre\bin\msvcp140.dll
0x00007fff8bc30000 - 0x00007fff8c732000 	C:\Program Files\Android\Android Studio\jre\bin\server\jvm.dll
0x00007fffc7a90000 - 0x00007fffc7a98000 	C:\WINDOWS\System32\PSAPI.DLL
0x00007fffbe310000 - 0x00007fffbe337000 	C:\WINDOWS\SYSTEM32\WINMM.dll
0x00007fffbf930000 - 0x00007fffbf939000 	C:\WINDOWS\SYSTEM32\WSOCK32.dll
0x00007fffc9050000 - 0x00007fffc90bb000 	C:\WINDOWS\System32\WS2_32.dll
0x00007fffc47d0000 - 0x00007fffc47e2000 	C:\WINDOWS\SYSTEM32\kernel.appcore.dll
0x00007fffbf150000 - 0x00007fffbf161000 	C:\Program Files\Android\Android Studio\jre\bin\verify.dll
0x00007fffac510000 - 0x00007fffac6f4000 	C:\WINDOWS\SYSTEM32\DBGHELP.DLL
0x00007fffac4d0000 - 0x00007fffac504000 	C:\WINDOWS\SYSTEM32\dbgcore.DLL
0x00007fffc6b50000 - 0x00007fffc6bd2000 	C:\WINDOWS\System32\bcryptPrimitives.dll
0x00007fffbf070000 - 0x00007fffbf099000 	C:\Program Files\Android\Android Studio\jre\bin\java.dll
0x00007fffbf060000 - 0x00007fffbf06b000 	C:\Program Files\Android\Android Studio\jre\bin\jimage.dll
0x00007fffbc290000 - 0x00007fffbc2a8000 	C:\Program Files\Android\Android Studio\jre\bin\zip.dll
0x00007fffc49d0000 - 0x00007fffc516d000 	C:\WINDOWS\SYSTEM32\windows.storage.dll
0x00007fffc7670000 - 0x00007fffc79c3000 	C:\WINDOWS\System32\combase.dll
0x00007fffc6280000 - 0x00007fffc62ae000 	C:\WINDOWS\SYSTEM32\Wldp.dll
0x00007fffc90c0000 - 0x00007fffc918d000 	C:\WINDOWS\System32\OLEAUT32.dll
0x00007fffc73d0000 - 0x00007fffc747d000 	C:\WINDOWS\System32\SHCORE.dll
0x00007fffc68d0000 - 0x00007fffc68f4000 	C:\WINDOWS\SYSTEM32\profapi.dll
0x00007fffbbe40000 - 0x00007fffbbe5a000 	C:\Program Files\Android\Android Studio\jre\bin\net.dll
0x00007fffbfee0000 - 0x00007fffbffea000 	C:\WINDOWS\SYSTEM32\WINHTTP.dll
0x00007fffc5fe0000 - 0x00007fffc604a000 	C:\WINDOWS\system32\mswsock.dll
0x00007fffbbaa0000 - 0x00007fffbbab4000 	C:\Program Files\Android\Android Studio\jre\bin\nio.dll
0x00007fffaad90000 - 0x00007fffaadb7000 	C:\Users\Oscar\.gradle\native\e1d6ef7f7dcc3fd88c89a11ec53ec762bb8ba0a96d01ffa2cd45eb1d1d8dd5c5\windows-amd64\native-platform.dll
0x00007fff9bfb0000 - 0x00007fff9c0f4000 	C:\Users\Oscar\.gradle\native\0d407fdbe67a94daf76414ababcb853783967236a71b16ec16e742cd7a986fd3\windows-amd64\native-platform-file-events.dll
0x00007fffbf020000 - 0x00007fffbf02a000 	C:\Program Files\Android\Android Studio\jre\bin\management.dll
0x00007fffbdac0000 - 0x00007fffbdacd000 	C:\Program Files\Android\Android Studio\jre\bin\management_ext.dll
0x00007fffc61d0000 - 0x00007fffc61e8000 	C:\WINDOWS\SYSTEM32\CRYPTSP.dll
0x00007fffc5900000 - 0x00007fffc5934000 	C:\WINDOWS\system32\rsaenh.dll
0x00007fffc6880000 - 0x00007fffc68ae000 	C:\WINDOWS\SYSTEM32\USERENV.dll
0x00007fffc61f0000 - 0x00007fffc61fc000 	C:\WINDOWS\SYSTEM32\CRYPTBASE.dll
0x00007fffc5cc0000 - 0x00007fffc5cfb000 	C:\WINDOWS\SYSTEM32\IPHLPAPI.DLL
0x00007fffc79d0000 - 0x00007fffc79d8000 	C:\WINDOWS\System32\NSI.dll
0x00007fffc1630000 - 0x00007fffc1647000 	C:\WINDOWS\SYSTEM32\dhcpcsvc6.DLL
0x00007fffc0c90000 - 0x00007fffc0cad000 	C:\WINDOWS\SYSTEM32\dhcpcsvc.DLL
0x00007fffc5d00000 - 0x00007fffc5dcb000 	C:\WINDOWS\SYSTEM32\DNSAPI.dll

dbghelp: loaded successfully - version: 4.0.5 - missing functions: none
symbol engine: initialized successfully - sym options: 0x614 - pdb path: .;C:\Program Files\Android\Android Studio\jre\bin;C:\WINDOWS\SYSTEM32;C:\WINDOWS\WinSxS\amd64_microsoft.windows.common-controls_6595b64144ccf1df_6.0.19041.4355_none_60b8b9eb71f62e16;C:\Program Files (x86)\360\Total Security\safemon;C:\Program Files\Android\Android Studio\jre\bin\server;C:\Users\Oscar\.gradle\native\e1d6ef7f7dcc3fd88c89a11ec53ec762bb8ba0a96d01ffa2cd45eb1d1d8dd5c5\windows-amd64;C:\Users\Oscar\.gradle\native\0d407fdbe67a94daf76414ababcb853783967236a71b16ec16e742cd7a986fd3\windows-amd64

VM Arguments:
jvm_args: --add-opens=java.base/java.util=ALL-UNNAMED --add-opens=java.base/java.lang=ALL-UNNAMED --add-opens=java.base/java.lang.invoke=ALL-UNNAMED --add-opens=java.base/java.util=ALL-UNNAMED --add-opens=java.prefs/java.util.prefs=ALL-UNNAMED --add-opens=java.prefs/java.util.prefs=ALL-UNNAMED --add-opens=java.base/java.nio.charset=ALL-UNNAMED --add-opens=java.base/java.net=ALL-UNNAMED --add-opens=java.base/java.util.concurrent.atomic=ALL-UNNAMED -Xmx2048m -Dfile.encoding=UTF-8 -Duser.country=VE -Duser.language=es -Duser.variant 
java_command: org.gradle.launcher.daemon.bootstrap.GradleDaemon 7.4
java_class_path (initial): C:\Users\Oscar\.gradle\wrapper\dists\gradle-7.4-bin\c0gwcg53nkjbqw7r0h0umtfvt\gradle-7.4\lib\gradle-launcher-7.4.jar
Launcher Type: SUN_STANDARD

[Global flags]
     intx CICompilerCount                          = 4                                         {product} {ergonomic}
     uint ConcGCThreads                            = 2                                         {product} {ergonomic}
     uint G1ConcRefinementThreads                  = 8                                         {product} {ergonomic}
   size_t G1HeapRegionSize                         = 1048576                                   {product} {ergonomic}
    uintx GCDrainStackTargetSize                   = 64                                        {product} {ergonomic}
   size_t InitialHeapSize                          = 134217728                                 {product} {ergonomic}
   size_t MarkStackSize                            = 4194304                                   {product} {ergonomic}
   size_t MaxHeapSize                              = 2147483648                                {product} {command line}
   size_t MaxNewSize                               = 1287651328                                {product} {ergonomic}
   size_t MinHeapDeltaBytes                        = 1048576                                   {product} {ergonomic}
    uintx NonNMethodCodeHeapSize                   = 5836300                                {pd product} {ergonomic}
    uintx NonProfiledCodeHeapSize                  = 122910970                              {pd product} {ergonomic}
    uintx ProfiledCodeHeapSize                     = 122910970                              {pd product} {ergonomic}
    uintx ReservedCodeCacheSize                    = 251658240                              {pd product} {ergonomic}
     bool SegmentedCodeCache                       = true                                      {product} {ergonomic}
     bool UseCompressedClassPointers               = true                                 {lp64_product} {ergonomic}
     bool UseCompressedOops                        = true                                 {lp64_product} {ergonomic}
     bool UseG1GC                                  = true                                      {product} {ergonomic}
     bool UseLargePagesIndividualAllocation        = false                                  {pd product} {ergonomic}

Logging:
Log output configuration:
 #0: stdout all=warning uptime,level,tags
 #1: stderr all=off uptime,level,tags

Environment Variables:
PATH=C:\Program Files\Common Files\Oracle\Java\javapath;C:\WINDOWS\system32;C:\WINDOWS;C:\WINDOWS\System32\Wbem;C:\WINDOWS\System32\WindowsPowerShell\v1.0\;C:\WINDOWS\System32\OpenSSH\;C:\xampp\php;C:\Program Files\Git\cmd;C:\Users\Oscar\AppData\Local\Microsoft\WindowsApps;C:\Program Files\Microsoft VS Code\bin;C:\Users\Oscar\AppData\Roaming\Dashlane\5.10.0.18444\bin\Firefox_Extension\{442718d9-475e-452a-b3e1-fb1ee16b8e9f}\components;C:\Users\Oscar\AppData\Roaming\Dashlane\5.10.0.18444\ucrt;C:\Users\Oscar\AppData\Roaming\Composer\vendor\bin;C:\Users\Oscar\AppData\Local\Programs\Microsoft VS Code\bin;;C:\Users\Oscar\AppData\Local\spicetify;C:\Program Files\JetBrains\IntelliJ IDEA Community Edition 2023.3.2\bin;
USERNAME=oscar
OS=Windows_NT
PROCESSOR_IDENTIFIER=Intel64 Family 6 Model 58 Stepping 9, GenuineIntel



---------------  S Y S T E M  ---------------

OS: Windows 10 , 64 bit Build 19041 (10.0.19041.3636)
OS uptime: 7 days 0:01 hours

CPU:total 8 (initial active 8) (4 cores per cpu, 2 threads per core) family 6 model 58 stepping 9 microcode 0x21, cmov, cx8, fxsr, mmx, sse, sse2, sse3, ssse3, sse4.1, sse4.2, popcnt, avx, aes, clmul, erms, ht, tsc, tscinvbit, tscinv

Memory: 4k page, system-wide physical 8086M (2993M free)
TotalPageFile size 13718M (AvailPageFile size 6770M)
current process WorkingSet (physical memory assigned to process): 260M, peak: 260M
current process commit charge ("private bytes"): 309M, peak: 309M

vm_info: OpenJDK 64-Bit Server VM (11.0.13+0-b1751.21-8125866) for windows-amd64 JRE (11.0.13+0-b1751.21-8125866), built on Feb  2 2022 03:00:22 by "builder" with MS VC++ 14.0 (VS2015)

END.
